<?xml version="1.0" encoding="UTF-8"?>
<testng-results ignored="0" total="3" passed="2" failed="1" skipped="0">
  <reporter-output>
  </reporter-output>
  <suite started-at="2023-09-04T21:10:32 IST" name="Suite" finished-at="2023-09-04T21:10:58 IST" duration-ms="25387">
    <groups>
    </groups>
    <test started-at="2023-09-04T21:10:32 IST" name="Test1" finished-at="2023-09-04T21:10:50 IST" duration-ms="17563">
      <class name="com.obsqura.tests.LoginTest">
        <test-method is-config="true" signature="InitializeDriver()[pri:0, instance:com.obsqura.tests.LoginTest@563f38c4]" started-at="2023-09-04T21:10:33 IST" name="InitializeDriver" finished-at="2023-09-04T21:10:45 IST" duration-ms="12132" status="PASS">
          <reporter-output>
          </reporter-output>
        </test-method> <!-- InitializeDriver -->
        <test-method signature="MyLoginTest()[pri:0, instance:com.obsqura.tests.LoginTest@563f38c4]" started-at="2023-09-04T21:10:45 IST" name="MyLoginTest" finished-at="2023-09-04T21:10:49 IST" duration-ms="3950" status="PASS">
          <reporter-output>
          </reporter-output>
        </test-method> <!-- MyLoginTest -->
        <test-method is-config="true" signature="TearDown()[pri:0, instance:com.obsqura.tests.LoginTest@563f38c4]" started-at="2023-09-04T21:10:49 IST" name="TearDown" finished-at="2023-09-04T21:10:50 IST" duration-ms="1358" status="PASS">
          <reporter-output>
          </reporter-output>
        </test-method> <!-- TearDown -->
      </class> <!-- com.obsqura.tests.LoginTest -->
    </test> <!-- Test1 -->
    <test started-at="2023-09-04T21:10:32 IST" name="Test3" finished-at="2023-09-04T21:10:55 IST" duration-ms="22413">
      <class name="com.obsqura.tests.CreateDeliveryBoy">
        <test-method is-config="true" signature="InitializeDriver()[pri:0, instance:com.obsqura.tests.CreateDeliveryBoy@496bc455]" started-at="2023-09-04T21:10:33 IST" name="InitializeDriver" finished-at="2023-09-04T21:10:45 IST" duration-ms="11956" status="PASS">
          <reporter-output>
          </reporter-output>
        </test-method> <!-- InitializeDriver -->
        <test-method signature="CreateDeliveryBoyTest()[pri:0, instance:com.obsqura.tests.CreateDeliveryBoy@496bc455]" started-at="2023-09-04T21:10:45 IST" name="CreateDeliveryBoyTest" finished-at="2023-09-04T21:10:54 IST" duration-ms="9979" status="PASS">
          <reporter-output>
          </reporter-output>
        </test-method> <!-- CreateDeliveryBoyTest -->
        <test-method is-config="true" signature="TearDown()[pri:0, instance:com.obsqura.tests.CreateDeliveryBoy@496bc455]" started-at="2023-09-04T21:10:54 IST" name="TearDown" finished-at="2023-09-04T21:10:55 IST" duration-ms="369" status="PASS">
          <reporter-output>
          </reporter-output>
        </test-method> <!-- TearDown -->
      </class> <!-- com.obsqura.tests.CreateDeliveryBoy -->
    </test> <!-- Test3 -->
    <test started-at="2023-09-04T21:10:32 IST" name="Test4" finished-at="2023-09-04T21:10:58 IST" duration-ms="25387">
      <class name="com.obsqura.tests.CreateandDeleteExpense">
        <test-method is-config="true" signature="InitializeDriver()[pri:0, instance:com.obsqura.tests.CreateandDeleteExpense@247310d0]" started-at="2023-09-04T21:10:33 IST" name="InitializeDriver" finished-at="2023-09-04T21:10:46 IST" duration-ms="13370" status="PASS">
          <reporter-output>
          </reporter-output>
        </test-method> <!-- InitializeDriver -->
        <test-method signature="MyCreateDeleteExpense()[pri:0, instance:com.obsqura.tests.CreateandDeleteExpense@247310d0]" started-at="2023-09-04T21:10:46 IST" name="MyCreateDeleteExpense" finished-at="2023-09-04T21:10:57 IST" duration-ms="11531" status="FAIL">
          <exception class="java.lang.AssertionError">
            <message>
              <![CDATA[null]]>
            </message>
            <full-stacktrace>
              <![CDATA[java.lang.AssertionError: null
at org.testng.Assert.fail(Assert.java:111)
at org.testng.Assert.fail(Assert.java:116)
at com.obsqura.tests.CreateandDeleteExpense.MyCreateDeleteExpense(CreateandDeleteExpense.java:26)
at java.base/jdk.internal.reflect.DirectMethodHandleAccessor.invoke(DirectMethodHandleAccessor.java:104)
at java.base/java.lang.reflect.Method.invoke(Method.java:578)
at org.testng.internal.invokers.MethodInvocationHelper.invokeMethod(MethodInvocationHelper.java:139)
at org.testng.internal.invokers.TestInvoker.invokeMethod(TestInvoker.java:664)
at org.testng.internal.invokers.TestInvoker.invokeTestMethod(TestInvoker.java:227)
at org.testng.internal.invokers.MethodRunner.runInSequence(MethodRunner.java:50)
at org.testng.internal.invokers.TestInvoker$MethodInvocationAgent.invoke(TestInvoker.java:957)
at org.testng.internal.invokers.TestInvoker.invokeTestMethods(TestInvoker.java:200)
at org.testng.internal.invokers.TestMethodWorker.invokeTestMethods(TestMethodWorker.java:148)
at org.testng.internal.invokers.TestMethodWorker.run(TestMethodWorker.java:128)
at java.base/java.util.ArrayList.forEach(ArrayList.java:1511)
at org.testng.TestRunner.privateRun(TestRunner.java:848)
at org.testng.TestRunner.run(TestRunner.java:621)
at org.testng.SuiteRunner.runTest(SuiteRunner.java:443)
at org.testng.SuiteRunner$SuiteWorker.run(SuiteRunner.java:481)
at org.testng.internal.thread.ThreadUtil.lambda$execute$0(ThreadUtil.java:58)
at java.base/java.util.concurrent.FutureTask.run(FutureTask.java:317)
at java.base/java.util.concurrent.ThreadPoolExecutor.runWorker(ThreadPoolExecutor.java:1144)
at java.base/java.util.concurrent.ThreadPoolExecutor$Worker.run(ThreadPoolExecutor.java:642)
at java.base/java.lang.Thread.run(Thread.java:1623)
]]>
            </full-stacktrace>
          </exception> <!-- java.lang.AssertionError -->
          <reporter-output>
          </reporter-output>
        </test-method> <!-- MyCreateDeleteExpense -->
        <test-method is-config="true" signature="TearDown()[pri:0, instance:com.obsqura.tests.CreateandDeleteExpense@247310d0]" started-at="2023-09-04T21:10:58 IST" name="TearDown" finished-at="2023-09-04T21:10:58 IST" duration-ms="187" status="PASS">
          <reporter-output>
          </reporter-output>
        </test-method> <!-- TearDown -->
      </class> <!-- com.obsqura.tests.CreateandDeleteExpense -->
    </test> <!-- Test4 -->
  </suite> <!-- Suite -->
</testng-results>
